<?xml version="1.0" encoding="UTF-8"?>
<!-- Generated by org.testng.reporters.JUnitReportReporter -->
<testsuite hostname="USER-20141202IF" name="week6.Day52" tests="1" failures="0" timestamp="4 Aug 2015 14:01:30 GMT" time="47.640" errors="0">
  <testcase name="inputfromandto" time="47.640" classname="week6.Day52"/>
</testsuite> <!-- week6.Day52 -->
