<?xml version="1.0" encoding="UTF-8"?>
<!-- Generated by org.testng.reporters.JUnitReportReporter -->
<testsuite hostname="USER-20141202IF" name="week7.Day7" tests="1" failures="0" timestamp="11 Aug 2015 17:07:12 GMT" time="58.719" errors="0">
  <testcase name="inputfromandto" time="58.719" classname="week7.Day7"/>
</testsuite> <!-- week7.Day7 -->
